# JRE version: Java(TM) SE Runtime Environment (8.0_144-b01) (build 1.8.0_144-b01)
# Java VM: Java HotSpot(TM) 64-Bit Server VM (25.144-b01 mixed mode windows-amd64 compressed oops)
Heap:
 PSYoungGen      total 144384K, used 68902K [0x00000000d5f80000, 0x00000000dfb80000, 0x0000000100000000)
  eden space 132096K, 43% used [0x00000000d5f80000,0x00000000d97f8d30,0x00000000de080000)
  from space 12288K, 90% used [0x00000000ded80000,0x00000000df850c40,0x00000000df980000)
  to   space 13312K, 0% used [0x00000000de080000,0x00000000de080000,0x00000000ded80000)
 ParOldGen       total 87552K, used 13078K [0x0000000081e00000, 0x0000000087380000, 0x00000000d5f80000)
  object space 87552K, 14% used [0x0000000081e00000,0x0000000082ac5ba8,0x0000000087380000)
 Metaspace       used 20301K, capacity 20602K, committed 20864K, reserved 1067008K
  class space    used 2516K, capacity 2633K, committed 2688K, reserved 1048576K
GC Heap History (10 events):
Event: 5.127 GC heap before
{Heap before GC invocations=4 (full 0):
 PSYoungGen      total 38400K, used 38387K [0x00000000d5f80000, 0x00000000d8a00000, 0x0000000100000000)
  eden space 33280K, 100% used [0x00000000d5f80000,0x00000000d8000000,0x00000000d8000000)
  from space 5120K, 99% used [0x00000000d8000000,0x00000000d84fccc0,0x00000000d8500000)
  to   space 5120K, 0% used [0x00000000d8500000,0x00000000d8500000,0x00000000d8a00000)
 ParOldGen       total 87552K, used 2557K [0x0000000081e00000, 0x0000000087380000, 0x00000000d5f80000)
  object space 87552K, 2% used [0x0000000081e00000,0x000000008207f760,0x0000000087380000)
 Metaspace       used 11264K, capacity 11296K, committed 11392K, reserved 1058816K
  class space    used 1341K, capacity 1360K, committed 1408K, reserved 1048576K
Event: 5.139 GC heap after
Heap after GC invocations=4 (full 0):
 PSYoungGen      total 38400K, used 5091K [0x00000000d5f80000, 0x00000000d8a00000, 0x0000000100000000)
  eden space 33280K, 0% used [0x00000000d5f80000,0x00000000d5f80000,0x00000000d8000000)
  from space 5120K, 99% used [0x00000000d8500000,0x00000000d89f8cd0,0x00000000d8a00000)
  to   space 5120K, 0% used [0x00000000d8000000,0x00000000d8000000,0x00000000d8500000)
 ParOldGen       total 87552K, used 4930K [0x0000000081e00000, 0x0000000087380000, 0x00000000d5f80000)
  object space 87552K, 5% used [0x0000000081e00000,0x00000000822d0a18,0x0000000087380000)
 Metaspace       used 11264K, capacity 11296K, committed 11392K, reserved 1058816K
  class space    used 1341K, capacity 1360K, committed 1408K, reserved 1048576K
}
Event: 5.625 GC heap before
{Heap before GC invocations=5 (full 0):
 PSYoungGen      total 38400K, used 38371K [0x00000000d5f80000, 0x00000000d8a00000, 0x0000000100000000)
  eden space 33280K, 100% used [0x00000000d5f80000,0x00000000d8000000,0x00000000d8000000)
  from space 5120K, 99% used [0x00000000d8500000,0x00000000d89f8cd0,0x00000000d8a00000)
  to   space 5120K, 0% used [0x00000000d8000000,0x00000000d8000000,0x00000000d8500000)
 ParOldGen       total 87552K, used 4930K [0x0000000081e00000, 0x0000000087380000, 0x00000000d5f80000)
  object space 87552K, 5% used [0x0000000081e00000,0x00000000822d0a18,0x0000000087380000)
 Metaspace       used 12452K, capacity 12566K, committed 12800K, reserved 1060864K
  class space    used 1471K, capacity 1521K, committed 1536K, reserved 1048576K
Event: 5.637 GC heap after
Heap after GC invocations=5 (full 0):
 PSYoungGen      total 38400K, used 5091K [0x00000000d5f80000, 0x00000000db280000, 0x0000000100000000)
  eden space 33280K, 0% used [0x00000000d5f80000,0x00000000d5f80000,0x00000000d8000000)
  from space 5120K, 99% used [0x00000000d8000000,0x00000000d84f8cb0,0x00000000d8500000)
  to   space 9216K, 0% used [0x00000000da980000,0x00000000da980000,0x00000000db280000)
 ParOldGen       total 87552K, used 6764K [0x0000000081e00000, 0x0000000087380000, 0x00000000d5f80000)
  object space 87552K, 7% used [0x0000000081e00000,0x000000008249b048,0x0000000087380000)
 Metaspace       used 12452K, capacity 12566K, committed 12800K, reserved 1060864K
  class space    used 1471K, capacity 1521K, committed 1536K, reserved 1048576K
}
Event: 6.157 GC heap before
{Heap before GC invocations=6 (full 0):
 PSYoungGen      total 38400K, used 38371K [0x00000000d5f80000, 0x00000000db280000, 0x0000000100000000)
  eden space 33280K, 100% used [0x00000000d5f80000,0x00000000d8000000,0x00000000d8000000)
  from space 5120K, 99% used [0x00000000d8000000,0x00000000d84f8cb0,0x00000000d8500000)
  to   space 9216K, 0% used [0x00000000da980000,0x00000000da980000,0x00000000db280000)
 ParOldGen       total 87552K, used 6764K [0x0000000081e00000, 0x0000000087380000, 0x00000000d5f80000)
  object space 87552K, 7% used [0x0000000081e00000,0x000000008249b048,0x0000000087380000)
 Metaspace       used 14113K, capacity 14236K, committed 14592K, reserved 1062912K
  class space    used 1677K, capacity 1714K, committed 1792K, reserved 1048576K
Event: 6.174 GC heap after
Heap after GC invocations=6 (full 0):
 PSYoungGen      total 75776K, used 7249K [0x00000000d5f80000, 0x00000000db280000, 0x0000000100000000)
  eden space 66560K, 0% used [0x00000000d5f80000,0x00000000d5f80000,0x00000000da080000)
  from space 9216K, 78% used [0x00000000da980000,0x00000000db0944a0,0x00000000db280000)
  to   space 9216K, 0% used [0x00000000da080000,0x00000000da080000,0x00000000da980000)
 ParOldGen       total 87552K, used 6772K [0x0000000081e00000, 0x0000000087380000, 0x00000000d5f80000)
  object space 87552K, 7% used [0x0000000081e00000,0x000000008249d048,0x0000000087380000)
 Metaspace       used 14113K, capacity 14236K, committed 14592K, reserved 1062912K
  class space    used 1677K, capacity 1714K, committed 1792K, reserved 1048576K
}
Event: 7.772 GC heap before
{Heap before GC invocations=7 (full 0):
 PSYoungGen      total 75776K, used 73809K [0x00000000d5f80000, 0x00000000db280000, 0x0000000100000000)
  eden space 66560K, 100% used [0x00000000d5f80000,0x00000000da080000,0x00000000da080000)
  from space 9216K, 78% used [0x00000000da980000,0x00000000db0944a0,0x00000000db280000)
  to   space 9216K, 0% used [0x00000000da080000,0x00000000da080000,0x00000000da980000)
 ParOldGen       total 87552K, used 6772K [0x0000000081e00000, 0x0000000087380000, 0x00000000d5f80000)
  object space 87552K, 7% used [0x0000000081e00000,0x000000008249d048,0x0000000087380000)
 Metaspace       used 18101K, capacity 18324K, committed 18432K, reserved 1064960K
  class space    used 2172K, capacity 2280K, committed 2304K, reserved 1048576K
Event: 7.788 GC heap after
Heap after GC invocations=7 (full 0):
 PSYoungGen      total 75776K, used 9203K [0x00000000d5f80000, 0x00000000df980000, 0x0000000100000000)
  eden space 66560K, 0% used [0x00000000d5f80000,0x00000000d5f80000,0x00000000da080000)
  from space 9216K, 99% used [0x00000000da080000,0x00000000da97ced8,0x00000000da980000)
  to   space 12288K, 0% used [0x00000000ded80000,0x00000000ded80000,0x00000000df980000)
 ParOldGen       total 87552K, used 11014K [0x0000000081e00000, 0x0000000087380000, 0x00000000d5f80000)
  object space 87552K, 12% used [0x0000000081e00000,0x00000000828c1a48,0x0000000087380000)
 Metaspace       used 18101K, capacity 18324K, committed 18432K, reserved 1064960K
  class space    used 2172K, capacity 2280K, committed 2304K, reserved 1048576K
}
Event: 8.466 GC heap before
{Heap before GC invocations=8 (full 0):
 PSYoungGen      total 75776K, used 75763K [0x00000000d5f80000, 0x00000000df980000, 0x0000000100000000)
  eden space 66560K, 100% used [0x00000000d5f80000,0x00000000da080000,0x00000000da080000)
  from space 9216K, 99% used [0x00000000da080000,0x00000000da97ced8,0x00000000da980000)
  to   space 12288K, 0% used [0x00000000ded80000,0x00000000ded80000,0x00000000df980000)
 ParOldGen       total 87552K, used 11014K [0x0000000081e00000, 0x0000000087380000, 0x00000000d5f80000)
  object space 87552K, 12% used [0x0000000081e00000,0x00000000828c1a48,0x0000000087380000)
 Metaspace       used 19218K, capacity 19450K, committed 19712K, reserved 1067008K
  class space    used 2350K, capacity 2441K, committed 2560K, reserved 1048576K
Event: 8.486 GC heap after
Heap after GC invocations=8 (full 0):
 PSYoungGen      total 144384K, used 11075K [0x00000000d5f80000, 0x00000000dfb80000, 0x0000000100000000)
  eden space 132096K, 0% used [0x00000000d5f80000,0x00000000d5f80000,0x00000000de080000)
  from space 12288K, 90% used [0x00000000ded80000,0x00000000df850c40,0x00000000df980000)
  to   space 13312K, 0% used [0x00000000de080000,0x00000000de080000,0x00000000ded80000)
 ParOldGen       total 87552K, used 13078K [0x0000000081e00000, 0x0000000087380000, 0x00000000d5f80000)
  object space 87552K, 14% used [0x0000000081e00000,0x0000000082ac5ba8,0x0000000087380000)
 Metaspace       used 19218K, capacity 19450K, committed 19712K, reserved 1067008K
  class space    used 2350K, capacity 2441K, committed 2560K, reserved 1048576K
}

