# JRE version: Java(TM) SE Runtime Environment (8.0_144-b01) (build 1.8.0_144-b01)
# Java VM: Java HotSpot(TM) 64-Bit Server VM (25.144-b01 mixed mode windows-amd64 compressed oops)
Heap:
 PSYoungGen      total 70144K, used 10409K [0x00000000d5f80000, 0x00000000dfd80000, 0x0000000100000000)
  eden space 60928K, 1% used [0x00000000d5f80000,0x00000000d60aced8,0x00000000d9b00000)
  from space 9216K, 99% used [0x00000000da980000,0x00000000db27d6d8,0x00000000db280000)
  to   space 14848K, 0% used [0x00000000d9b00000,0x00000000d9b00000,0x00000000da980000)
 ParOldGen       total 87552K, used 15345K [0x0000000081e00000, 0x0000000087380000, 0x00000000d5f80000)
  object space 87552K, 17% used [0x0000000081e00000,0x0000000082cfc638,0x0000000087380000)
 Metaspace       used 19270K, capacity 19518K, committed 19840K, reserved 1067008K
  class space    used 2336K, capacity 2429K, committed 2432K, reserved 1048576K
GC Heap History (10 events):
Event: 4.378 GC heap before
{Heap before GC invocations=4 (full 0):
 PSYoungGen      total 38400K, used 38390K [0x00000000d5f80000, 0x00000000d8a00000, 0x0000000100000000)
  eden space 33280K, 100% used [0x00000000d5f80000,0x00000000d8000000,0x00000000d8000000)
  from space 5120K, 99% used [0x00000000d8000000,0x00000000d84fd9c0,0x00000000d8500000)
  to   space 5120K, 0% used [0x00000000d8500000,0x00000000d8500000,0x00000000d8a00000)
 ParOldGen       total 87552K, used 2523K [0x0000000081e00000, 0x0000000087380000, 0x00000000d5f80000)
  object space 87552K, 2% used [0x0000000081e00000,0x0000000082076e08,0x0000000087380000)
 Metaspace       used 11096K, capacity 11216K, committed 11264K, reserved 1058816K
  class space    used 1238K, capacity 1264K, committed 1280K, reserved 1048576K
Event: 4.392 GC heap after
Heap after GC invocations=4 (full 0):
 PSYoungGen      total 38400K, used 5088K [0x00000000d5f80000, 0x00000000daa80000, 0x0000000100000000)
  eden space 33280K, 0% used [0x00000000d5f80000,0x00000000d5f80000,0x00000000d8000000)
  from space 5120K, 99% used [0x00000000d8500000,0x00000000d89f8050,0x00000000d8a00000)
  to   space 5120K, 0% used [0x00000000d8000000,0x00000000d8000000,0x00000000d8500000)
 ParOldGen       total 87552K, used 4614K [0x0000000081e00000, 0x0000000087380000, 0x00000000d5f80000)
  object space 87552K, 5% used [0x0000000081e00000,0x0000000082281b18,0x0000000087380000)
 Metaspace       used 11096K, capacity 11216K, committed 11264K, reserved 1058816K
  class space    used 1238K, capacity 1264K, committed 1280K, reserved 1048576K
}
Event: 4.852 GC heap before
{Heap before GC invocations=5 (full 0):
 PSYoungGen      total 38400K, used 38368K [0x00000000d5f80000, 0x00000000daa80000, 0x0000000100000000)
  eden space 33280K, 100% used [0x00000000d5f80000,0x00000000d8000000,0x00000000d8000000)
  from space 5120K, 99% used [0x00000000d8500000,0x00000000d89f8050,0x00000000d8a00000)
  to   space 5120K, 0% used [0x00000000d8000000,0x00000000d8000000,0x00000000d8500000)
 ParOldGen       total 87552K, used 4614K [0x0000000081e00000, 0x0000000087380000, 0x00000000d5f80000)
  object space 87552K, 5% used [0x0000000081e00000,0x0000000082281b18,0x0000000087380000)
 Metaspace       used 12153K, capacity 12246K, committed 12544K, reserved 1060864K
  class space    used 1448K, capacity 1457K, committed 1536K, reserved 1048576K
Event: 4.866 GC heap after
Heap after GC invocations=5 (full 0):
 PSYoungGen      total 38400K, used 5094K [0x00000000d5f80000, 0x00000000db280000, 0x0000000100000000)
  eden space 33280K, 0% used [0x00000000d5f80000,0x00000000d5f80000,0x00000000d8000000)
  from space 5120K, 99% used [0x00000000d8000000,0x00000000d84f99b0,0x00000000d8500000)
  to   space 9216K, 0% used [0x00000000da980000,0x00000000da980000,0x00000000db280000)
 ParOldGen       total 87552K, used 6482K [0x0000000081e00000, 0x0000000087380000, 0x00000000d5f80000)
  object space 87552K, 7% used [0x0000000081e00000,0x0000000082454820,0x0000000087380000)
 Metaspace       used 12153K, capacity 12246K, committed 12544K, reserved 1060864K
  class space    used 1448K, capacity 1457K, committed 1536K, reserved 1048576K
}
Event: 5.298 GC heap before
{Heap before GC invocations=6 (full 0):
 PSYoungGen      total 38400K, used 38374K [0x00000000d5f80000, 0x00000000db280000, 0x0000000100000000)
  eden space 33280K, 100% used [0x00000000d5f80000,0x00000000d8000000,0x00000000d8000000)
  from space 5120K, 99% used [0x00000000d8000000,0x00000000d84f99b0,0x00000000d8500000)
  to   space 9216K, 0% used [0x00000000da980000,0x00000000da980000,0x00000000db280000)
 ParOldGen       total 87552K, used 6482K [0x0000000081e00000, 0x0000000087380000, 0x00000000d5f80000)
  object space 87552K, 7% used [0x0000000081e00000,0x0000000082454820,0x0000000087380000)
 Metaspace       used 13225K, capacity 13340K, committed 13696K, reserved 1060864K
  class space    used 1576K, capacity 1586K, committed 1664K, reserved 1048576K
Event: 5.322 GC heap after
Heap after GC invocations=6 (full 0):
 PSYoungGen      total 75264K, used 7664K [0x00000000d5f80000, 0x00000000db380000, 0x0000000100000000)
  eden space 66048K, 0% used [0x00000000d5f80000,0x00000000d5f80000,0x00000000da000000)
  from space 9216K, 83% used [0x00000000da980000,0x00000000db0fc1a8,0x00000000db280000)
  to   space 9728K, 0% used [0x00000000da000000,0x00000000da000000,0x00000000da980000)
 ParOldGen       total 87552K, used 6490K [0x0000000081e00000, 0x0000000087380000, 0x00000000d5f80000)
  object space 87552K, 7% used [0x0000000081e00000,0x0000000082456820,0x0000000087380000)
 Metaspace       used 13225K, capacity 13340K, committed 13696K, reserved 1060864K
  class space    used 1576K, capacity 1586K, committed 1664K, reserved 1048576K
}
Event: 6.605 GC heap before
{Heap before GC invocations=7 (full 0):
 PSYoungGen      total 75264K, used 73712K [0x00000000d5f80000, 0x00000000db380000, 0x0000000100000000)
  eden space 66048K, 100% used [0x00000000d5f80000,0x00000000da000000,0x00000000da000000)
  from space 9216K, 83% used [0x00000000da980000,0x00000000db0fc1a8,0x00000000db280000)
  to   space 9728K, 0% used [0x00000000da000000,0x00000000da000000,0x00000000da980000)
 ParOldGen       total 87552K, used 6490K [0x0000000081e00000, 0x0000000087380000, 0x00000000d5f80000)
  object space 87552K, 7% used [0x0000000081e00000,0x0000000082456820,0x0000000087380000)
 Metaspace       used 16462K, capacity 16636K, committed 16896K, reserved 1064960K
  class space    used 1976K, capacity 2048K, committed 2048K, reserved 1048576K
Event: 6.627 GC heap after
Heap after GC invocations=7 (full 0):
 PSYoungGen      total 75776K, used 9709K [0x00000000d5f80000, 0x00000000db380000, 0x0000000100000000)
  eden space 66048K, 0% used [0x00000000d5f80000,0x00000000d5f80000,0x00000000da000000)
  from space 9728K, 99% used [0x00000000da000000,0x00000000da97b608,0x00000000da980000)
  to   space 9216K, 0% used [0x00000000da980000,0x00000000da980000,0x00000000db280000)
 ParOldGen       total 87552K, used 9649K [0x0000000081e00000, 0x0000000087380000, 0x00000000d5f80000)
  object space 87552K, 11% used [0x0000000081e00000,0x000000008276c710,0x0000000087380000)
 Metaspace       used 16462K, capacity 16636K, committed 16896K, reserved 1064960K
  class space    used 1976K, capacity 2048K, committed 2048K, reserved 1048576K
}
Event: 7.729 GC heap before
{Heap before GC invocations=8 (full 0):
 PSYoungGen      total 75776K, used 75757K [0x00000000d5f80000, 0x00000000db380000, 0x0000000100000000)
  eden space 66048K, 100% used [0x00000000d5f80000,0x00000000da000000,0x00000000da000000)
  from space 9728K, 99% used [0x00000000da000000,0x00000000da97b608,0x00000000da980000)
  to   space 9216K, 0% used [0x00000000da980000,0x00000000da980000,0x00000000db280000)
 ParOldGen       total 87552K, used 9649K [0x0000000081e00000, 0x0000000087380000, 0x00000000d5f80000)
  object space 87552K, 11% used [0x0000000081e00000,0x000000008276c710,0x0000000087380000)
 Metaspace       used 19254K, capacity 19518K, committed 19840K, reserved 1067008K
  class space    used 2334K, capacity 2429K, committed 2432K, reserved 1048576K
Event: 7.759 GC heap after
Heap after GC invocations=8 (full 0):
 PSYoungGen      total 70144K, used 9205K [0x00000000d5f80000, 0x00000000dfd80000, 0x0000000100000000)
  eden space 60928K, 0% used [0x00000000d5f80000,0x00000000d5f80000,0x00000000d9b00000)
  from space 9216K, 99% used [0x00000000da980000,0x00000000db27d6d8,0x00000000db280000)
  to   space 14848K, 0% used [0x00000000d9b00000,0x00000000d9b00000,0x00000000da980000)
 ParOldGen       total 87552K, used 15345K [0x0000000081e00000, 0x0000000087380000, 0x00000000d5f80000)
  object space 87552K, 17% used [0x0000000081e00000,0x0000000082cfc638,0x0000000087380000)
 Metaspace       used 19254K, capacity 19518K, committed 19840K, reserved 1067008K
  class space    used 2334K, capacity 2429K, committed 2432K, reserved 1048576K
}

